2025-01-21 09:33:03 - utils.logger - INFO - Inicializando banco de dados
2025-01-21 09:33:03 - database - INFO - Iniciando inicialização do banco de dados em: C:\Users\Suporte\Documents\CadastroNF\empenhos.db
2025-01-21 09:33:03 - database - INFO - Criando tabela de usuários...
2025-01-21 09:33:03 - database - INFO - Usuário padrão já existe
2025-01-21 09:33:03 - database - INFO - Criando tabela de empenhos...
2025-01-21 09:33:03 - database - INFO - Banco de dados inicializado com sucesso
2025-01-21 09:33:03 - utils.logger - INFO - Iniciando aplicativo Flet
2025-01-21 09:33:03 - utils.logger - ERROR - Erro fatal ao iniciar o aplicativo: app() got an unexpected keyword argument 'middleware'
2025-01-21 09:34:46 - utils.logger - INFO - Inicializando banco de dados
2025-01-21 09:34:46 - database - INFO - Iniciando inicialização do banco de dados em: C:\Users\Suporte\Documents\CadastroNF\empenhos.db
2025-01-21 09:34:46 - database - INFO - Criando tabela de usuários...
2025-01-21 09:34:46 - database - INFO - Usuário padrão já existe
2025-01-21 09:34:46 - database - INFO - Criando tabela de empenhos...
2025-01-21 09:34:46 - database - INFO - Banco de dados inicializado com sucesso
2025-01-21 09:34:46 - utils.logger - INFO - Iniciando aplicativo Flet
2025-01-21 09:34:46 - flet - INFO - Assets path configured: C:\Users\Suporte\Documents\CadastroNF\assets
2025-01-21 09:34:47 - flet - INFO - Starting Flet web server on port 59199...
2025-01-21 09:34:47 - flet_web.fastapi - INFO - Web renderer configured: WebRenderer.CANVAS_KIT
2025-01-21 09:34:47 - flet_web.fastapi - INFO - Use color emoji: False
2025-01-21 09:34:47 - flet_web.fastapi - INFO - Route URL strategy configured: path
2025-01-21 09:34:47 - flet_web.fastapi - INFO - Starting up Flet App Manager
2025-01-21 09:34:48 - flet_web.fastapi - INFO - Temp dir created for patched index and manifest: C:\Users\Suporte\AppData\Local\Temp\tmp68i2tj4m
2025-01-21 09:34:48 - flet_web.fastapi - INFO - Web root: C:\Users\Suporte\Documents\CadastroNF\.venv\Lib\site-packages\flet_web\web
2025-01-21 09:34:48 - flet_web.fastapi - INFO - Assets dir: C:\Users\Suporte\Documents\CadastroNF\assets
2025-01-21 09:34:51 - flet_web.fastapi - INFO - New FletApp: ihM6wDCb
2025-01-21 09:34:52 - flet_web.fastapi - INFO - New session created (1 total): _p84fCW3ttjkF9COl_36e75f5a0e2afa3e11e82e410723e199013eb36b
2025-01-21 09:34:52 - flet_web.fastapi - INFO - Start session: p84fCW3ttjkF9COl
2025-01-21 09:34:52 - utils.logger - INFO - Iniciando aplicativo
2025-01-21 09:34:52 - utils.logger - INFO - Mudando rota para: /login
2025-01-21 09:34:52 - utils.logger - INFO - Status de autenticação: False
2025-01-21 09:34:52 - utils.logger - INFO - Adicionando LoginView
2025-01-21 09:34:52 - utils.logger - INFO - Rota atual: /login
2025-01-21 09:35:02 - utils.logger - INFO - Inicializando banco de dados
2025-01-21 09:35:02 - database - INFO - Iniciando inicialização do banco de dados em: C:\Users\Suporte\Documents\CadastroNF\empenhos.db
2025-01-21 09:35:02 - database - INFO - Criando tabela de usuários...
2025-01-21 09:35:02 - database - INFO - Usuário padrão já existe
2025-01-21 09:35:02 - database - INFO - Criando tabela de empenhos...
2025-01-21 09:35:02 - database - INFO - Banco de dados inicializado com sucesso
2025-01-21 09:35:02 - utils.logger - INFO - Iniciando aplicativo Flet
2025-01-21 09:35:02 - flet - INFO - Assets path configured: C:\Users\Suporte\Documents\CadastroNF\assets
2025-01-21 09:35:04 - flet - INFO - Starting Flet web server on port 59199...
2025-01-21 09:35:04 - flet_web.fastapi - INFO - Web renderer configured: WebRenderer.CANVAS_KIT
2025-01-21 09:35:04 - flet_web.fastapi - INFO - Use color emoji: False
2025-01-21 09:35:04 - flet_web.fastapi - INFO - Route URL strategy configured: path
2025-01-21 09:35:04 - flet_web.fastapi - INFO - Starting up Flet App Manager
2025-01-21 09:35:04 - flet_web.fastapi - INFO - New FletApp: QvyXWYYp
2025-01-21 09:35:04 - flet_web.fastapi - INFO - New session created (1 total): _tEz5wpL0Qos0myb0_36e75f5a0e2afa3e11e82e410723e199013eb36b
2025-01-21 09:35:04 - flet_web.fastapi - INFO - Start session: tEz5wpL0Qos0myb0
2025-01-21 09:35:04 - utils.logger - INFO - Iniciando aplicativo
2025-01-21 09:35:04 - utils.logger - INFO - Mudando rota para: /login
2025-01-21 09:35:04 - utils.logger - INFO - Status de autenticação: False
2025-01-21 09:35:04 - utils.logger - INFO - Adicionando LoginView
2025-01-21 09:35:04 - utils.logger - INFO - Rota atual: /login
2025-01-21 09:35:14 - utils.logger - INFO - Mudando rota para: /
2025-01-21 09:35:14 - utils.logger - INFO - Status de autenticação: True
2025-01-21 09:35:14 - utils.logger - INFO - MainView adicionada com sucesso
2025-01-21 09:35:14 - utils.logger - INFO - Rota atual: /
2025-01-21 09:35:16 - views.main_view - INFO - Mudando para o menu índice: 3
2025-01-21 09:35:16 - views.main_view - INFO - Carregando view Arquivos
2025-01-21 09:36:28 - views.main_view - INFO - Mudando para o menu índice: 0
2025-01-21 09:36:28 - views.main_view - INFO - Carregando view Home
2025-01-21 09:36:40 - views.main_view - INFO - Mudando para o menu índice: 3
2025-01-21 09:36:40 - views.main_view - INFO - Carregando view Arquivos
2025-01-21 09:36:48 - views.main_view - INFO - Mudando para o menu índice: 0
2025-01-21 09:36:48 - views.main_view - INFO - Carregando view Home
2025-01-21 09:36:49 - views.main_view - INFO - Mudando para o menu índice: 1
2025-01-21 09:36:49 - views.main_view - INFO - Acesso autorizado para área de usuários
2025-01-21 09:36:49 - views.main_view - INFO - Carregando view Usuários
2025-01-21 09:36:51 - views.main_view - INFO - Mudando para o menu índice: 2
2025-01-21 09:36:51 - views.main_view - INFO - Carregando view Empenhos
2025-01-21 09:36:53 - views.main_view - INFO - Mudando para o menu índice: 3
2025-01-21 09:36:53 - views.main_view - INFO - Carregando view Arquivos
2025-01-21 09:36:55 - flet_web.fastapi - INFO - Session disconnected: _tEz5wpL0Qos0myb0_36e75f5a0e2afa3e11e82e410723e199013eb36b
2025-01-21 09:36:56 - flet_web.fastapi - INFO - New FletApp: uFtyyBS3
2025-01-21 09:36:56 - flet_web.fastapi - INFO - Temp dir created for patched index and manifest: C:\Users\Suporte\AppData\Local\Temp\tmp7x7y8y3t
2025-01-21 09:36:56 - flet_web.fastapi - INFO - Web root: C:\Users\Suporte\Documents\CadastroNF\.venv\Lib\site-packages\flet_web\web
2025-01-21 09:36:56 - flet_web.fastapi - INFO - Assets dir: C:\Users\Suporte\Documents\CadastroNF\assets
2025-01-21 09:36:56 - flet_web.fastapi - INFO - Existing session requested: tEz5wpL0Qos0myb0
2025-01-21 09:36:56 - flet_web.fastapi - INFO - Session reconnected: _tEz5wpL0Qos0myb0_36e75f5a0e2afa3e11e82e410723e199013eb36b
2025-01-21 09:36:56 - flet_web.fastapi - INFO - Disposing FletApp: QvyXWYYp
2025-01-21 09:36:56 - flet_web.fastapi - INFO - Session disconnected: _tEz5wpL0Qos0myb0_36e75f5a0e2afa3e11e82e410723e199013eb36b
2025-01-21 09:37:02 - flet_web.fastapi - INFO - New FletApp: lpuxTPYD
2025-01-21 09:37:02 - flet_web.fastapi - INFO - Existing session requested: tEz5wpL0Qos0myb0
2025-01-21 09:37:02 - flet_web.fastapi - INFO - Session reconnected: _tEz5wpL0Qos0myb0_36e75f5a0e2afa3e11e82e410723e199013eb36b
2025-01-21 09:37:02 - flet_web.fastapi - INFO - Disposing FletApp: uFtyyBS3
2025-01-21 09:40:00 - flet_web.fastapi - INFO - Session disconnected: _tEz5wpL0Qos0myb0_36e75f5a0e2afa3e11e82e410723e199013eb36b
2025-01-21 09:40:00 - flet_web.fastapi - INFO - Shutting down Flet App Manager
2025-01-21 09:40:00 - flet_web.fastapi - INFO - Deleting temp dir: C:\Users\Suporte\AppData\Local\Temp\tmp7x7y8y3t
2025-01-21 09:40:00 - flet - INFO - Flet app has started...
2025-01-21 09:40:00 - flet_web.fastapi - INFO - Closing Flet web server...
2025-01-21 09:40:15 - utils.logger - INFO - Inicializando banco de dados
2025-01-21 09:40:15 - database - INFO - Iniciando inicialização do banco de dados em: C:\Users\Suporte\Documents\CadastroNF\empenhos.db
2025-01-21 09:40:15 - database - INFO - Criando tabela de usuários...
2025-01-21 09:40:15 - database - INFO - Usuário padrão já existe
2025-01-21 09:40:15 - database - INFO - Criando tabela de empenhos...
2025-01-21 09:40:15 - database - INFO - Banco de dados inicializado com sucesso
2025-01-21 09:40:15 - utils.logger - INFO - Iniciando aplicativo Flet
2025-01-21 09:40:15 - flet - INFO - Assets path configured: C:\Users\Suporte\Documents\CadastroNF\assets
2025-01-21 09:40:17 - flet - INFO - Starting Flet web server on port 59615...
2025-01-21 09:40:17 - flet_web.fastapi - INFO - Web renderer configured: WebRenderer.CANVAS_KIT
2025-01-21 09:40:17 - flet_web.fastapi - INFO - Use color emoji: False
2025-01-21 09:40:17 - flet_web.fastapi - INFO - Route URL strategy configured: path
2025-01-21 09:40:17 - flet_web.fastapi - INFO - Starting up Flet App Manager
2025-01-21 09:40:18 - flet_web.fastapi - INFO - Temp dir created for patched index and manifest: C:\Users\Suporte\AppData\Local\Temp\tmph5lijjb1
2025-01-21 09:40:18 - flet_web.fastapi - INFO - Web root: C:\Users\Suporte\Documents\CadastroNF\.venv\Lib\site-packages\flet_web\web
2025-01-21 09:40:18 - flet_web.fastapi - INFO - Assets dir: C:\Users\Suporte\Documents\CadastroNF\assets
2025-01-21 09:40:33 - flet_web.fastapi - INFO - New FletApp: 1CMdk2RO
2025-01-21 09:40:33 - flet_web.fastapi - INFO - New session created (1 total): _lJN5yBfH7il1R8Dq_36e75f5a0e2afa3e11e82e410723e199013eb36b
2025-01-21 09:40:33 - flet_web.fastapi - INFO - Start session: lJN5yBfH7il1R8Dq
2025-01-21 09:40:33 - utils.logger - INFO - Iniciando aplicativo
2025-01-21 09:40:33 - utils.logger - INFO - Mudando rota para: /login
2025-01-21 09:40:33 - utils.logger - INFO - Status de autenticação: False
2025-01-21 09:40:33 - utils.logger - INFO - Adicionando LoginView
2025-01-21 09:40:33 - utils.logger - INFO - Rota atual: /login
2025-01-21 09:40:51 - utils.logger - INFO - Mudando rota para: /
2025-01-21 09:40:51 - utils.logger - INFO - Status de autenticação: True
2025-01-21 09:40:51 - utils.logger - INFO - MainView adicionada com sucesso
2025-01-21 09:40:51 - utils.logger - INFO - Rota atual: /
2025-01-21 09:40:58 - views.main_view - INFO - Mudando para o menu índice: 3
2025-01-21 09:40:58 - views.main_view - INFO - Carregando view Arquivos
2025-01-21 09:43:55 - views.main_view - INFO - Mudando para o menu índice: 0
2025-01-21 09:43:55 - views.main_view - INFO - Carregando view Home
2025-01-21 09:44:00 - views.main_view - INFO - Mudando para o menu índice: 3
2025-01-21 09:44:00 - views.main_view - INFO - Carregando view Arquivos
2025-01-21 09:44:05 - flet_web.fastapi - INFO - Session disconnected: _lJN5yBfH7il1R8Dq_36e75f5a0e2afa3e11e82e410723e199013eb36b
2025-01-21 09:44:09 - flet_web.fastapi - INFO - Shutting down Flet App Manager
2025-01-21 09:44:09 - flet_web.fastapi - INFO - Deleting temp dir: C:\Users\Suporte\AppData\Local\Temp\tmph5lijjb1
2025-01-21 09:44:09 - flet - INFO - Flet app has started...
2025-01-21 09:44:09 - flet_web.fastapi - INFO - Closing Flet web server...
2025-01-21 09:58:32 - utils.logger - INFO - Inicializando banco de dados
2025-01-21 09:58:32 - database - INFO - Iniciando inicialização do banco de dados em: C:\Users\Suporte\Documents\CadastroNF\empenhos.db
2025-01-21 09:58:32 - database - INFO - Criando tabela de usuários...
2025-01-21 09:58:32 - database - INFO - Usuário padrão já existe
2025-01-21 09:58:32 - database - INFO - Criando tabela de empenhos...
2025-01-21 09:58:32 - database - INFO - Banco de dados inicializado com sucesso
2025-01-21 09:58:32 - utils.logger - INFO - Iniciando aplicativo Flet
2025-01-21 09:58:32 - flet - INFO - Assets path configured: C:\Users\Suporte\Documents\CadastroNF\assets
2025-01-21 09:58:33 - flet - INFO - Starting Flet web server on port 60248...
2025-01-21 09:58:33 - flet_web.fastapi - INFO - Web renderer configured: WebRenderer.CANVAS_KIT
2025-01-21 09:58:33 - flet_web.fastapi - INFO - Use color emoji: False
2025-01-21 09:58:33 - flet_web.fastapi - INFO - Route URL strategy configured: path
2025-01-21 09:58:33 - flet_web.fastapi - INFO - Starting up Flet App Manager
2025-01-21 09:58:34 - flet_web.fastapi - INFO - Temp dir created for patched index and manifest: C:\Users\Suporte\AppData\Local\Temp\tmpomonuc0m
2025-01-21 09:58:34 - flet_web.fastapi - INFO - Web root: C:\Users\Suporte\Documents\CadastroNF\.venv\Lib\site-packages\flet_web\web
2025-01-21 09:58:34 - flet_web.fastapi - INFO - Assets dir: C:\Users\Suporte\Documents\CadastroNF\assets
2025-01-21 09:58:39 - flet_web.fastapi - INFO - New FletApp: 82Xvapg9
2025-01-21 09:58:39 - flet_web.fastapi - INFO - New session created (1 total): _NqTgZXmaLWFiGDjG_36e75f5a0e2afa3e11e82e410723e199013eb36b
2025-01-21 09:58:39 - flet_web.fastapi - INFO - Start session: NqTgZXmaLWFiGDjG
2025-01-21 09:58:39 - utils.logger - INFO - Iniciando aplicativo
2025-01-21 09:58:39 - utils.logger - INFO - Mudando rota para: /login
2025-01-21 09:58:39 - utils.logger - INFO - Status de autenticação: False
2025-01-21 09:58:39 - utils.logger - INFO - Adicionando LoginView
2025-01-21 09:58:39 - utils.logger - INFO - Rota atual: /login
2025-01-21 09:58:49 - utils.logger - INFO - Inicializando banco de dados
2025-01-21 09:58:49 - database - INFO - Iniciando inicialização do banco de dados em: C:\Users\Suporte\Documents\CadastroNF\empenhos.db
2025-01-21 09:58:49 - database - INFO - Criando tabela de usuários...
2025-01-21 09:58:49 - database - INFO - Usuário padrão já existe
2025-01-21 09:58:49 - database - INFO - Criando tabela de empenhos...
2025-01-21 09:58:49 - database - INFO - Banco de dados inicializado com sucesso
2025-01-21 09:58:49 - utils.logger - INFO - Iniciando aplicativo Flet
2025-01-21 09:58:49 - flet - INFO - Assets path configured: C:\Users\Suporte\Documents\CadastroNF\assets
2025-01-21 09:58:51 - flet - INFO - Starting Flet web server on port 60248...
2025-01-21 09:58:51 - flet_web.fastapi - INFO - Web renderer configured: WebRenderer.CANVAS_KIT
2025-01-21 09:58:51 - flet_web.fastapi - INFO - Use color emoji: False
2025-01-21 09:58:51 - flet_web.fastapi - INFO - Route URL strategy configured: path
2025-01-21 09:58:52 - flet_web.fastapi - INFO - Starting up Flet App Manager
2025-01-21 09:58:52 - flet_web.fastapi - INFO - New FletApp: C7hLnavA
2025-01-21 09:58:52 - flet_web.fastapi - INFO - New session created (1 total): _0QIuEWkCyyrA2uux_36e75f5a0e2afa3e11e82e410723e199013eb36b
2025-01-21 09:58:52 - flet_web.fastapi - INFO - Start session: 0QIuEWkCyyrA2uux
2025-01-21 09:58:52 - utils.logger - INFO - Iniciando aplicativo
2025-01-21 09:58:52 - utils.logger - INFO - Mudando rota para: /login
2025-01-21 09:58:52 - utils.logger - INFO - Status de autenticação: False
2025-01-21 09:58:52 - utils.logger - INFO - Adicionando LoginView
2025-01-21 09:58:52 - utils.logger - INFO - Rota atual: /login
2025-01-21 09:59:02 - utils.logger - INFO - Mudando rota para: /
2025-01-21 09:59:02 - utils.logger - INFO - Status de autenticação: True
2025-01-21 09:59:02 - utils.logger - INFO - MainView adicionada com sucesso
2025-01-21 09:59:02 - utils.logger - INFO - Rota atual: /
2025-01-21 09:59:05 - views.main_view - INFO - Mudando para o menu índice: 3
2025-01-21 09:59:05 - views.main_view - INFO - Carregando view Arquivos
2025-01-21 09:59:08 - utils.logger - INFO - Mudando rota para: /files/..\static_files\exports\empenhos_20250121_094056.xlsx
2025-01-21 09:59:09 - utils.logger - ERROR - Erro ao servir arquivo: module 'flet' has no attribute 'FileResponse'
2025-01-21 09:59:54 - flet_web.fastapi - INFO - Session disconnected: _0QIuEWkCyyrA2uux_36e75f5a0e2afa3e11e82e410723e199013eb36b
2025-01-21 09:59:54 - flet_web.fastapi - INFO - Shutting down Flet App Manager
2025-01-21 09:59:54 - flet - INFO - Flet app has started...
2025-01-21 09:59:54 - flet_web.fastapi - INFO - Closing Flet web server...
2025-01-21 10:24:38 - utils.logger - INFO - Inicializando banco de dados
2025-01-21 10:24:38 - database - INFO - Iniciando inicialização do banco de dados em: C:\Users\Suporte\Documents\CadastroNF\empenhos.db
2025-01-21 10:24:38 - database - INFO - Criando tabela de usuários...
2025-01-21 10:24:38 - database - INFO - Usuário padrão já existe
2025-01-21 10:24:38 - database - INFO - Criando tabela de empenhos...
2025-01-21 10:24:38 - database - INFO - Banco de dados inicializado com sucesso
2025-01-21 10:24:38 - utils.logger - INFO - Iniciando aplicativo Flet
2025-01-21 10:24:38 - flet - INFO - Assets path configured: C:\Users\Suporte\Documents\CadastroNF\assets
2025-01-21 10:24:39 - flet - INFO - Starting Flet web server on port 61065...
2025-01-21 10:24:39 - flet_web.fastapi - INFO - Web renderer configured: WebRenderer.CANVAS_KIT
2025-01-21 10:24:39 - flet_web.fastapi - INFO - Use color emoji: False
2025-01-21 10:24:39 - flet_web.fastapi - INFO - Route URL strategy configured: path
2025-01-21 10:24:40 - flet_web.fastapi - INFO - Starting up Flet App Manager
2025-01-21 10:24:40 - flet_web.fastapi - INFO - Temp dir created for patched index and manifest: C:\Users\Suporte\AppData\Local\Temp\tmp_a3ghq5_
2025-01-21 10:24:40 - flet_web.fastapi - INFO - Web root: C:\Users\Suporte\Documents\CadastroNF\.venv\Lib\site-packages\flet_web\web
2025-01-21 10:24:40 - flet_web.fastapi - INFO - Assets dir: C:\Users\Suporte\Documents\CadastroNF\assets
2025-01-21 10:24:45 - flet_web.fastapi - INFO - New FletApp: wsBuxMjN
2025-01-21 10:24:45 - flet_web.fastapi - INFO - New session created (1 total): _5yGHebQDvwXUsvOQ_36e75f5a0e2afa3e11e82e410723e199013eb36b
2025-01-21 10:24:45 - flet_web.fastapi - INFO - Start session: 5yGHebQDvwXUsvOQ
2025-01-21 10:24:45 - utils.logger - INFO - Iniciando aplicativo
2025-01-21 10:24:45 - utils.logger - INFO - Mudando rota para: /login
2025-01-21 10:24:45 - utils.logger - INFO - Status de autenticação: False
2025-01-21 10:24:45 - utils.logger - INFO - Adicionando LoginView
2025-01-21 10:24:45 - utils.logger - INFO - Rota atual: /login
2025-01-21 10:24:55 - utils.logger - INFO - Inicializando banco de dados
2025-01-21 10:24:55 - database - INFO - Iniciando inicialização do banco de dados em: C:\Users\Suporte\Documents\CadastroNF\empenhos.db
2025-01-21 10:24:55 - database - INFO - Criando tabela de usuários...
2025-01-21 10:24:55 - database - INFO - Usuário padrão já existe
2025-01-21 10:24:55 - database - INFO - Criando tabela de empenhos...
2025-01-21 10:24:55 - database - INFO - Banco de dados inicializado com sucesso
2025-01-21 10:24:55 - utils.logger - INFO - Iniciando aplicativo Flet
2025-01-21 10:24:55 - flet - INFO - Assets path configured: C:\Users\Suporte\Documents\CadastroNF\assets
2025-01-21 10:24:58 - flet - INFO - Starting Flet web server on port 61065...
2025-01-21 10:24:58 - flet_web.fastapi - INFO - Web renderer configured: WebRenderer.CANVAS_KIT
2025-01-21 10:24:58 - flet_web.fastapi - INFO - Use color emoji: False
2025-01-21 10:24:58 - flet_web.fastapi - INFO - Route URL strategy configured: path
2025-01-21 10:24:58 - flet_web.fastapi - INFO - Starting up Flet App Manager
2025-01-21 10:24:58 - flet_web.fastapi - INFO - New FletApp: 7CR5nhLX
2025-01-21 10:24:58 - flet_web.fastapi - INFO - New session created (1 total): _KGK1jHvsfcsJSekc_36e75f5a0e2afa3e11e82e410723e199013eb36b
2025-01-21 10:24:58 - flet_web.fastapi - INFO - Start session: KGK1jHvsfcsJSekc
2025-01-21 10:24:58 - utils.logger - INFO - Iniciando aplicativo
2025-01-21 10:24:58 - utils.logger - INFO - Mudando rota para: /login
2025-01-21 10:24:58 - utils.logger - INFO - Status de autenticação: False
2025-01-21 10:24:58 - utils.logger - INFO - Adicionando LoginView
2025-01-21 10:24:58 - utils.logger - INFO - Rota atual: /login
2025-01-21 10:25:13 - utils.logger - INFO - Mudando rota para: /
2025-01-21 10:25:13 - utils.logger - INFO - Status de autenticação: True
2025-01-21 10:25:13 - utils.logger - INFO - MainView adicionada com sucesso
2025-01-21 10:25:13 - utils.logger - INFO - Rota atual: /
2025-01-21 10:25:17 - views.main_view - INFO - Mudando para o menu índice: 3
2025-01-21 10:25:17 - views.main_view - INFO - Carregando view Arquivos
2025-01-21 10:25:19 - utils.logger - INFO - Mudando rota para: /files/..\static_files\exports\empenhos_20250121_094056.xlsx
2025-01-21 10:25:49 - flet_web.fastapi - INFO - Session disconnected: _KGK1jHvsfcsJSekc_36e75f5a0e2afa3e11e82e410723e199013eb36b
2025-01-21 10:25:49 - flet_web.fastapi - INFO - Temp dir created for patched index and manifest: C:\Users\Suporte\AppData\Local\Temp\tmp_xjcoenr
2025-01-21 10:25:49 - flet_web.fastapi - INFO - Web root: C:\Users\Suporte\Documents\CadastroNF\.venv\Lib\site-packages\flet_web\web
2025-01-21 10:25:49 - flet_web.fastapi - INFO - Assets dir: C:\Users\Suporte\Documents\CadastroNF\assets
2025-01-21 10:25:51 - flet_web.fastapi - INFO - New FletApp: Gmk9Vb11
2025-01-21 10:25:51 - flet_web.fastapi - INFO - Existing session requested: KGK1jHvsfcsJSekc
2025-01-21 10:25:51 - flet_web.fastapi - INFO - Session reconnected: _KGK1jHvsfcsJSekc_36e75f5a0e2afa3e11e82e410723e199013eb36b
2025-01-21 10:25:51 - flet_web.fastapi - INFO - Disposing FletApp: 7CR5nhLX
2025-01-21 10:25:51 - utils.logger - INFO - Mudando rota para: /static_files/exports/empenhos_20250121_094056.xlsx
2025-01-21 10:25:51 - utils.logger - INFO - Status de autenticação: True
2025-01-21 10:25:51 - utils.logger - INFO - Mudando rota para: /
2025-01-21 10:25:51 - utils.logger - INFO - Rota atual: /
2025-01-21 10:25:51 - utils.logger - INFO - Status de autenticação: True
2025-01-21 10:25:51 - utils.logger - INFO - MainView adicionada com sucesso
2025-01-21 10:25:51 - utils.logger - INFO - Rota atual: /
2025-01-21 10:25:59 - views.main_view - INFO - Mudando para o menu índice: 3
2025-01-21 10:25:59 - views.main_view - INFO - Carregando view Arquivos
2025-01-21 10:26:01 - utils.logger - INFO - Mudando rota para: /files/..\static_files\pdf_exports\empenhos_PDF_20250121_102557.pdf
2025-01-21 10:26:09 - flet_web.fastapi - INFO - Session disconnected: _KGK1jHvsfcsJSekc_36e75f5a0e2afa3e11e82e410723e199013eb36b
2025-01-21 10:26:10 - flet_web.fastapi - INFO - New FletApp: FoENHYEk
2025-01-21 10:26:10 - flet_web.fastapi - INFO - Existing session requested: KGK1jHvsfcsJSekc
2025-01-21 10:26:10 - flet_web.fastapi - INFO - Session reconnected: _KGK1jHvsfcsJSekc_36e75f5a0e2afa3e11e82e410723e199013eb36b
2025-01-21 10:26:10 - flet_web.fastapi - INFO - Disposing FletApp: Gmk9Vb11
2025-01-21 10:26:18 - flet_web.fastapi - INFO - Session disconnected: _KGK1jHvsfcsJSekc_36e75f5a0e2afa3e11e82e410723e199013eb36b
2025-01-21 10:26:20 - flet_web.fastapi - INFO - New FletApp: 8a5hPwj4
2025-01-21 10:26:20 - flet_web.fastapi - INFO - Existing session requested: KGK1jHvsfcsJSekc
2025-01-21 10:26:20 - flet_web.fastapi - INFO - Session reconnected: _KGK1jHvsfcsJSekc_36e75f5a0e2afa3e11e82e410723e199013eb36b
2025-01-21 10:26:20 - flet_web.fastapi - INFO - Disposing FletApp: FoENHYEk
2025-01-21 10:26:20 - utils.logger - INFO - Mudando rota para: /static_files/pdf_exports/empenhos_PDF_20250121_102557.pdf
2025-01-21 10:26:20 - utils.logger - INFO - Status de autenticação: True
2025-01-21 10:26:20 - utils.logger - INFO - Rota atual: /
2025-01-21 10:26:20 - utils.logger - INFO - Mudando rota para: /
2025-01-21 10:26:20 - utils.logger - INFO - Status de autenticação: True
2025-01-21 10:26:20 - utils.logger - INFO - MainView adicionada com sucesso
2025-01-21 10:26:20 - utils.logger - INFO - Rota atual: /
2025-01-21 10:26:24 - views.main_view - INFO - Mudando para o menu índice: 3
2025-01-21 10:26:24 - views.main_view - INFO - Carregando view Arquivos
2025-01-21 10:26:26 - utils.logger - INFO - Mudando rota para: /files/..\static_files\pdf_exports\empenhos_PDF_20250121_102557.pdf
2025-01-21 10:26:55 - flet_web.fastapi - INFO - New FletApp: QMK9pz2r
2025-01-21 10:26:55 - flet_web.fastapi - INFO - New session created (2 total): _NGIut782JkANfRyo_36e75f5a0e2afa3e11e82e410723e199013eb36b
2025-01-21 10:26:55 - flet_web.fastapi - INFO - Start session: NGIut782JkANfRyo
2025-01-21 10:26:55 - utils.logger - INFO - Iniciando aplicativo
2025-01-21 10:26:55 - utils.logger - INFO - Mudando rota para: /login
2025-01-21 10:26:55 - utils.logger - INFO - Status de autenticação: False
2025-01-21 10:26:55 - utils.logger - INFO - Adicionando LoginView
2025-01-21 10:26:55 - utils.logger - INFO - Rota atual: /login
2025-01-21 10:26:57 - flet_web.fastapi - INFO - Session disconnected: _NGIut782JkANfRyo_36e75f5a0e2afa3e11e82e410723e199013eb36b
2025-01-21 10:27:07 - utils.logger - INFO - Inicializando banco de dados
2025-01-21 10:27:07 - database - INFO - Iniciando inicialização do banco de dados em: C:\Users\Suporte\Documents\CadastroNF\empenhos.db
2025-01-21 10:27:08 - database - INFO - Criando tabela de usuários...
2025-01-21 10:27:08 - database - INFO - Usuário padrão já existe
2025-01-21 10:27:08 - database - INFO - Criando tabela de empenhos...
2025-01-21 10:27:08 - database - INFO - Banco de dados inicializado com sucesso
2025-01-21 10:27:08 - utils.logger - INFO - Iniciando aplicativo Flet
2025-01-21 10:27:08 - flet - INFO - Assets path configured: C:\Users\Suporte\Documents\CadastroNF\assets
2025-01-21 10:27:09 - flet - INFO - Starting Flet web server on port 61065...
2025-01-21 10:27:09 - flet_web.fastapi - INFO - Web renderer configured: WebRenderer.CANVAS_KIT
2025-01-21 10:27:09 - flet_web.fastapi - INFO - Use color emoji: False
2025-01-21 10:27:09 - flet_web.fastapi - INFO - Route URL strategy configured: path
2025-01-21 10:27:09 - flet_web.fastapi - INFO - Starting up Flet App Manager
2025-01-21 10:27:09 - flet_web.fastapi - INFO - New FletApp: XAqXOfWm
2025-01-21 10:27:09 - flet_web.fastapi - INFO - New session created (1 total): _ZLC0UzwVWkKgTsyH_36e75f5a0e2afa3e11e82e410723e199013eb36b
2025-01-21 10:27:09 - flet_web.fastapi - INFO - Start session: ZLC0UzwVWkKgTsyH
2025-01-21 10:27:09 - utils.logger - INFO - Iniciando aplicativo
2025-01-21 10:27:10 - utils.logger - INFO - Mudando rota para: /login
2025-01-21 10:27:10 - utils.logger - INFO - Status de autenticação: False
2025-01-21 10:27:10 - utils.logger - INFO - Adicionando LoginView
2025-01-21 10:27:10 - utils.logger - INFO - Rota atual: /login
2025-01-21 10:27:13 - flet_web.fastapi - INFO - Session disconnected: _ZLC0UzwVWkKgTsyH_36e75f5a0e2afa3e11e82e410723e199013eb36b
2025-01-21 10:27:13 - flet_web.fastapi - INFO - Shutting down Flet App Manager
2025-01-21 10:27:13 - flet - INFO - Flet app has started...
2025-01-21 10:27:13 - flet_web.fastapi - INFO - Closing Flet web server...
